<?xml version="1.0" encoding="UTF-8"?>
<testng-results skipped="0" failed="0" ignored="0" total="1" passed="1">
  <reporter-output>
  </reporter-output>
  <suite name="PageObjectPattern" duration-ms="15168" started-at="2017-11-29T22:23:35Z" finished-at="2017-11-29T22:23:50Z">
    <groups>
    </groups>
    <test name="Test" duration-ms="15168" started-at="2017-11-29T22:23:35Z" finished-at="2017-11-29T22:23:50Z">
      <class name="MavenProject.PageObjectPattern.loginTest">
        <test-method status="PASS" signature="login(java.lang.String, java.lang.String)[pri:0, instance:MavenProject.PageObjectPattern.loginTest@8dbdac1]" name="login" duration-ms="15144" started-at="2017-11-29T16:23:35Z" finished-at="2017-11-29T16:23:50Z">
          <params>
            <param index="0">
              <value>
                <![CDATA[melimed2@hotmail.com]]>
              </value>
            </param>
            <param index="1">
              <value>
                <![CDATA[Melimed4@]]>
              </value>
            </param>
          </params>
          <reporter-output>
          </reporter-output>
        </test-method> <!-- login -->
      </class> <!-- MavenProject.PageObjectPattern.loginTest -->
    </test> <!-- Test -->
  </suite> <!-- PageObjectPattern -->
</testng-results>
